[ 2016-09-28T21:33:21+08:00 ] ::1 /Public/Article/css/bootstrap.min.css.map
ERR: 无法加载模块:Public

[ 2016-09-28T21:33:28+08:00 ] ::1 /Public/Article/css/bootstrap.min.css.map
ERR: 无法加载模块:Public

[ 2016-09-28T21:36:30+08:00 ] ::1 /Public/Article/article/3/default.png
ERR: 无法加载模块:Public

[ 2016-09-28T21:36:30+08:00 ] ::1 /Public/Article/article/5/default.png
ERR: 无法加载模块:Public

[ 2016-09-28T21:40:17+08:00 ] ::1 /favicon.ico
ERR: 无法加载模块:Favicon

[ 2016-09-28T21:40:55+08:00 ] ::1 /Public/Article/css/bootstrap.min.css.map
ERR: 无法加载模块:Public

[ 2016-09-28T21:42:13+08:00 ] ::1 /Public/Article/css/bootstrap.min.css.map
ERR: 无法加载模块:Public

[ 2016-09-28T21:43:13+08:00 ] ::1 /Public/Article/css/bootstrap.min.css.map
ERR: 无法加载模块:Public

[ 2016-09-28T21:43:44+08:00 ] ::1 /Public/Article/css/bootstrap.min.css.map
ERR: 无法加载模块:Public

[ 2016-09-28T21:44:56+08:00 ] ::1 /Public/Article/css/bootstrap.min.css.map
ERR: 无法加载模块:Public

[ 2016-09-28T21:45:29+08:00 ] ::1 /Public/Article/css/bootstrap.min.css.map
ERR: 无法加载模块:Public

[ 2016-09-28T21:45:49+08:00 ] ::1 /Public/Article/css/bootstrap.min.css.map
ERR: 无法加载模块:Public

[ 2016-09-28T21:57:45+08:00 ] ::1 /Public/Article/css/bootstrap.min.css.map
ERR: 无法加载模块:Public

[ 2016-09-28T21:58:03+08:00 ] ::1 /favicon.ico
ERR: 无法加载模块:Favicon

[ 2016-09-28T21:58:09+08:00 ] ::1 /Public/Article/css/bootstrap.min.css.map
ERR: 无法加载模块:Public

[ 2016-09-28T22:01:24+08:00 ] ::1 /Public/Article/css/bootstrap.min.css.map
ERR: 无法加载模块:Public

[ 2016-09-28T22:01:24+08:00 ] ::1 /Public/Article/css/bootstrap.min.css.map
ERR: 无法加载模块:Public

[ 2016-09-28T22:01:25+08:00 ] ::1 /Public/Article/css/bootstrap.min.css.map
ERR: 无法加载模块:Public

