[ 2016-09-20T18:26:07+08:00 ] 127.0.0.1 /favicon.ico
INFO: [ app_init ] --START--
INFO: Run Behavior\BuildLiteBehavior [ RunTime:0.000000s ]
INFO: [ app_init ] --END-- [ RunTime:0.001000s ]
ERR: 无法加载模块:Favicon

[ 2016-09-20T19:19:43+08:00 ] 127.0.0.1 /favicon.ico
INFO: [ app_init ] --START--
INFO: Run Behavior\BuildLiteBehavior [ RunTime:0.001000s ]
INFO: [ app_init ] --END-- [ RunTime:0.001000s ]
ERR: 无法加载模块:Favicon

[ 2016-09-20T19:19:43+08:00 ] 127.0.0.1 /favicon.ico
INFO: [ app_init ] --START--
INFO: Run Behavior\BuildLiteBehavior [ RunTime:0.000000s ]
INFO: [ app_init ] --END-- [ RunTime:0.001000s ]
ERR: 无法加载模块:Favicon

[ 2016-09-20T23:07:06+08:00 ] 127.0.0.1 /announce.php?passkey=f12d34d9487fce8d246162056d243b70&info_hash=%dfCc%f3%ec%7d%2f%f5%f7%b7%d4v%f9%16%3d%2b0I%b1%9b&peer_id=-UT1850-%06D%8f1J%e1%bet%a8M%f0X&port=16703&uploaded=0&downloaded=0&left=0&corrupt=0&key=6B5C0AE1&numwant=200&compact=1&no_peer_id=1&ipv6=2403%3aac00%3a0%3a4001%3a%3a2%3a76ec
INFO: [ app_init ] --START--
INFO: Run Behavior\BuildLiteBehavior [ RunTime:0.000000s ]
INFO: [ app_init ] --END-- [ RunTime:0.000000s ]
ERR: 无法加载模块:Announce

[ 2016-09-20T23:16:34+08:00 ] 127.0.0.1 /announce.php?passkey=f12d34d9487fce8d246162056d243b70&info_hash=%1b%fa%0cG%1b%00%29%3cZ%d3%21xC%5c%e0%01%a9%038.&peer_id=-UT1850-%06D%8f1J%e1%bet%a8M%f0X&port=16703&uploaded=77824000&downloaded=0&left=0&corrupt=0&key=6B5C0AE1&numwant=200&compact=1&no_peer_id=1&ipv6=2403%3aac00%3a0%3a4001%3a%3a2%3a76ec
INFO: [ app_init ] --START--
INFO: Run Behavior\BuildLiteBehavior [ RunTime:0.000000s ]
INFO: [ app_init ] --END-- [ RunTime:0.000000s ]
ERR: 无法加载模块:Announce

[ 2016-09-20T23:16:34+08:00 ] 127.0.0.1 /announce.php?passkey=f12d34d9487fce8d246162056d243b70&info_hash=%d2%fe%98%7c%81%c8%96%ae%b7x%bfK%24l%a7%d7%a7~%c2%c5&peer_id=-UT1850-%06D%8f1J%e1%bet%a8M%f0X&port=16703&uploaded=0&downloaded=0&left=0&corrupt=0&key=6B5C0AE1&numwant=200&compact=1&no_peer_id=1&ipv6=2403%3aac00%3a0%3a4001%3a%3a2%3a76ec
INFO: [ app_init ] --START--
INFO: Run Behavior\BuildLiteBehavior [ RunTime:0.000000s ]
INFO: [ app_init ] --END-- [ RunTime:0.000000s ]
ERR: 无法加载模块:Announce

[ 2016-09-20T23:16:34+08:00 ] 127.0.0.1 /announce.php?passkey=f12d34d9487fce8d246162056d243b70&info_hash=%e1E%1d%5b%eb%d3%7f%03%02%05%94%16%a4%92%24%40z%09%9c%2f&peer_id=-UT1850-%06D%8f1J%e1%bet%a8M%f0X&port=16703&uploaded=171212800&downloaded=0&left=0&corrupt=0&key=6B5C0AE1&numwant=200&compact=1&no_peer_id=1&ipv6=2403%3aac00%3a0%3a4001%3a%3a2%3a76ec
INFO: [ app_init ] --START--
INFO: Run Behavior\BuildLiteBehavior [ RunTime:0.000000s ]
INFO: [ app_init ] --END-- [ RunTime:0.000000s ]
ERR: 无法加载模块:Announce

[ 2016-09-20T23:16:34+08:00 ] 127.0.0.1 /announce.php?passkey=f12d34d9487fce8d246162056d243b70&info_hash=%20%b1%b1%fet%ca%d5%15%9b%b4%94%ce%f7%28Dx%9f%c3%0cl&peer_id=-UT1850-%06D%8f1J%e1%bet%a8M%f0X&port=16703&uploaded=188465152&downloaded=0&left=0&corrupt=0&key=6B5C0AE1&numwant=200&compact=1&no_peer_id=1&ipv6=2403%3aac00%3a0%3a4001%3a%3a2%3a76ec
INFO: [ app_init ] --START--
INFO: Run Behavior\BuildLiteBehavior [ RunTime:0.000000s ]
INFO: [ app_init ] --END-- [ RunTime:0.000000s ]
ERR: 无法加载模块:Announce

[ 2016-09-20T23:16:40+08:00 ] 127.0.0.1 /announce.php?passkey=f12d34d9487fce8d246162056d243b70&info_hash=%b3R%cbR%3b8%2a%10%89_%27%20%f8%96T%b6%c6%89b%2c&peer_id=-UT1850-%06D%8f1J%e1%bet%a8M%f0X&port=16703&uploaded=32768&downloaded=0&left=0&corrupt=0&key=6B5C0AE1&numwant=200&compact=1&no_peer_id=1&ipv6=2403%3aac00%3a0%3a4001%3a%3a2%3a76ec
INFO: [ app_init ] --START--
INFO: Run Behavior\BuildLiteBehavior [ RunTime:0.000000s ]
INFO: [ app_init ] --END-- [ RunTime:0.000000s ]
ERR: 无法加载模块:Announce

[ 2016-09-20T23:16:40+08:00 ] 127.0.0.1 /announce.php?passkey=f12d34d9487fce8d246162056d243b70&info_hash=%2c%bf%14%3d~%2b%7f-%3eT%84%d7%fa%ee%f2%22%3b%b3%1a%a2&peer_id=-UT1850-%06D%8f1J%e1%bet%a8M%f0X&port=16703&uploaded=0&downloaded=0&left=0&corrupt=0&key=6B5C0AE1&numwant=200&compact=1&no_peer_id=1&ipv6=2403%3aac00%3a0%3a4001%3a%3a2%3a76ec
INFO: [ app_init ] --START--
INFO: Run Behavior\BuildLiteBehavior [ RunTime:0.000000s ]
INFO: [ app_init ] --END-- [ RunTime:0.000000s ]
ERR: 无法加载模块:Announce

[ 2016-09-20T23:16:40+08:00 ] 127.0.0.1 /announce.php?passkey=f12d34d9487fce8d246162056d243b70&info_hash=%c2u%c1%80p%af%a0_%91%98%20%3f%b6%3e%18OB%d2%08%bc&peer_id=-UT1850-%06D%8f1J%e1%bet%a8M%f0X&port=16703&uploaded=97779712&downloaded=0&left=0&corrupt=0&key=6B5C0AE1&numwant=200&compact=1&no_peer_id=1&ipv6=2403%3aac00%3a0%3a4001%3a%3a2%3a76ec
INFO: [ app_init ] --START--
INFO: Run Behavior\BuildLiteBehavior [ RunTime:0.000000s ]
INFO: [ app_init ] --END-- [ RunTime:0.000000s ]
ERR: 无法加载模块:Announce

[ 2016-09-20T23:16:40+08:00 ] 127.0.0.1 /announce.php?passkey=f12d34d9487fce8d246162056d243b70&info_hash=83%20%c1E%0c%7d%e6m%ab%08%8bq%fd%11%80n%d2%1bl&peer_id=-UT1850-%06D%8f1J%e1%bet%a8M%f0X&port=16703&uploaded=1534427136&downloaded=0&left=0&corrupt=0&key=6B5C0AE1&numwant=200&compact=1&no_peer_id=1&ipv6=2403%3aac00%3a0%3a4001%3a%3a2%3a76ec
INFO: [ app_init ] --START--
INFO: Run Behavior\BuildLiteBehavior [ RunTime:0.000000s ]
INFO: [ app_init ] --END-- [ RunTime:0.000000s ]
ERR: 无法加载模块:Announce

[ 2016-09-20T23:17:49+08:00 ] 127.0.0.1 /announce.php?passkey=f12d34d9487fce8d246162056d243b70&info_hash=N%aa%ab%9d%bfO%c8%b2%e4%9fXI%a5p%23%f6%90%d5%de%60&peer_id=-UT1850-%06D%8f1J%e1%bet%a8M%f0X&port=16703&uploaded=0&downloaded=0&left=0&corrupt=0&key=6B5C0AE1&numwant=200&compact=1&no_peer_id=1&ipv6=2403%3aac00%3a0%3a4001%3a%3a2%3a76ec
INFO: [ app_init ] --START--
INFO: Run Behavior\BuildLiteBehavior [ RunTime:0.000000s ]
INFO: [ app_init ] --END-- [ RunTime:0.000000s ]
ERR: 无法加载模块:Announce

[ 2016-09-20T23:18:33+08:00 ] 127.0.0.1 /announce.php?passkey=f12d34d9487fce8d246162056d243b70&info_hash=%15i%a6%c8%04%3c%20j%e5~%b3t%5d%0d%ffl%ed%a5%eeg&peer_id=-UT1850-%06D%8f1J%e1%bet%a8M%f0X&port=16703&uploaded=0&downloaded=0&left=0&corrupt=0&key=6B5C0AE1&numwant=200&compact=1&no_peer_id=1&ipv6=2403%3aac00%3a0%3a4001%3a%3a2%3a76ec
INFO: [ app_init ] --START--
INFO: Run Behavior\BuildLiteBehavior [ RunTime:0.000000s ]
INFO: [ app_init ] --END-- [ RunTime:0.000000s ]
ERR: 无法加载模块:Announce

[ 2016-09-20T23:18:33+08:00 ] 127.0.0.1 /announce.php?passkey=f12d34d9487fce8d246162056d243b70&info_hash=%0e%ba%ee%08%eey%a7%12%fa%0f%ea%c8%16ZuAC%ef%a5%0e&peer_id=-UT1850-%06D%8f1J%e1%bet%a8M%f0X&port=16703&uploaded=6799360&downloaded=0&left=0&corrupt=0&key=6B5C0AE1&numwant=200&compact=1&no_peer_id=1&ipv6=2403%3aac00%3a0%3a4001%3a%3a2%3a76ec
INFO: [ app_init ] --START--
INFO: Run Behavior\BuildLiteBehavior [ RunTime:0.000000s ]
INFO: [ app_init ] --END-- [ RunTime:0.000000s ]
ERR: 无法加载模块:Announce

[ 2016-09-20T23:18:33+08:00 ] 127.0.0.1 /announce.php?passkey=f12d34d9487fce8d246162056d243b70&info_hash=%85%1d%8b%81ur%b3-%faD%3c%bdg4%f4i%10%ed%22%3a&peer_id=-UT1850-%06D%8f1J%e1%bet%a8M%f0X&port=16703&uploaded=163840&downloaded=0&left=0&corrupt=0&key=6B5C0AE1&numwant=200&compact=1&no_peer_id=1&ipv6=2403%3aac00%3a0%3a4001%3a%3a2%3a76ec
INFO: [ app_init ] --START--
INFO: Run Behavior\BuildLiteBehavior [ RunTime:0.000000s ]
INFO: [ app_init ] --END-- [ RunTime:0.000000s ]
ERR: 无法加载模块:Announce

[ 2016-09-20T23:18:36+08:00 ] 127.0.0.1 /announce.php?passkey=f12d34d9487fce8d246162056d243b70&info_hash=%e5%de%8f%b9%f2%ceCr%8f%d3%d2%b17%ba%b9%11%da%b5%f8%ad&peer_id=-UT1850-%06D%8f1J%e1%bet%a8M%f0X&port=16703&uploaded=134397952&downloaded=0&left=0&corrupt=0&key=6B5C0AE1&numwant=200&compact=1&no_peer_id=1&ipv6=2403%3aac00%3a0%3a4001%3a%3a2%3a76ec
INFO: [ app_init ] --START--
INFO: Run Behavior\BuildLiteBehavior [ RunTime:0.000000s ]
INFO: [ app_init ] --END-- [ RunTime:0.000000s ]
ERR: 无法加载模块:Announce

[ 2016-09-20T23:20:56+08:00 ] 127.0.0.1 /announce.php?passkey=f12d34d9487fce8d246162056d243b70&info_hash=m%8bT%86%ad%feO%ff%b3%92%1e%17U%92%c3%0d%91%98%9e%d2&peer_id=-UT1850-%06D%8f1J%e1%bet%a8M%f0X&port=16703&uploaded=0&downloaded=0&left=0&corrupt=0&key=6B5C0AE1&numwant=200&compact=1&no_peer_id=1&ipv6=2403%3aac00%3a0%3a4001%3a%3a2%3a76ec
INFO: [ app_init ] --START--
INFO: Run Behavior\BuildLiteBehavior [ RunTime:0.000000s ]
INFO: [ app_init ] --END-- [ RunTime:0.000000s ]
ERR: 无法加载模块:Announce

[ 2016-09-20T23:20:56+08:00 ] 127.0.0.1 /announce.php?passkey=f12d34d9487fce8d246162056d243b70&info_hash=%3a%91%26vF%bf%90%93%f6s%0a%16np1%a0%9a%3eJ%09&peer_id=-UT1850-%06D%8f1J%e1%bet%a8M%f0X&port=16703&uploaded=137412608&downloaded=0&left=0&corrupt=0&key=6B5C0AE1&numwant=200&compact=1&no_peer_id=1&ipv6=2403%3aac00%3a0%3a4001%3a%3a2%3a76ec
INFO: [ app_init ] --START--
INFO: Run Behavior\BuildLiteBehavior [ RunTime:0.000000s ]
INFO: [ app_init ] --END-- [ RunTime:0.000000s ]
ERR: 无法加载模块:Announce

[ 2016-09-20T23:37:10+08:00 ] 127.0.0.1 /announce.php?passkey=f12d34d9487fce8d246162056d243b70&info_hash=%dfCc%f3%ec%7d%2f%f5%f7%b7%d4v%f9%16%3d%2b0I%b1%9b&peer_id=-UT1850-%06D%8f1J%e1%bet%a8M%f0X&port=16703&uploaded=0&downloaded=0&left=0&corrupt=0&key=6B5C0AE1&numwant=200&compact=1&no_peer_id=1&ipv6=2403%3aac00%3a0%3a4001%3a%3a2%3a76ec
INFO: [ app_init ] --START--
INFO: Run Behavior\BuildLiteBehavior [ RunTime:0.000000s ]
INFO: [ app_init ] --END-- [ RunTime:0.000000s ]
ERR: 无法加载模块:Announce

[ 2016-09-20T23:46:37+08:00 ] 127.0.0.1 /announce.php?passkey=f12d34d9487fce8d246162056d243b70&info_hash=%e1E%1d%5b%eb%d3%7f%03%02%05%94%16%a4%92%24%40z%09%9c%2f&peer_id=-UT1850-%06D%8f1J%e1%bet%a8M%f0X&port=16703&uploaded=240041984&downloaded=0&left=0&corrupt=0&key=6B5C0AE1&numwant=200&compact=1&no_peer_id=1&ipv6=2403%3aac00%3a0%3a4001%3a%3a2%3a76ec
INFO: [ app_init ] --START--
INFO: Run Behavior\BuildLiteBehavior [ RunTime:0.000000s ]
INFO: [ app_init ] --END-- [ RunTime:0.001000s ]
ERR: 无法加载模块:Announce

[ 2016-09-20T23:46:37+08:00 ] 127.0.0.1 /announce.php?passkey=f12d34d9487fce8d246162056d243b70&info_hash=%d2%fe%98%7c%81%c8%96%ae%b7x%bfK%24l%a7%d7%a7~%c2%c5&peer_id=-UT1850-%06D%8f1J%e1%bet%a8M%f0X&port=16703&uploaded=0&downloaded=0&left=0&corrupt=0&key=6B5C0AE1&numwant=200&compact=1&no_peer_id=1&ipv6=2403%3aac00%3a0%3a4001%3a%3a2%3a76ec
INFO: [ app_init ] --START--
INFO: Run Behavior\BuildLiteBehavior [ RunTime:0.000000s ]
INFO: [ app_init ] --END-- [ RunTime:0.001000s ]
ERR: 无法加载模块:Announce

[ 2016-09-20T23:46:37+08:00 ] 127.0.0.1 /announce.php?passkey=f12d34d9487fce8d246162056d243b70&info_hash=%1b%fa%0cG%1b%00%29%3cZ%d3%21xC%5c%e0%01%a9%038.&peer_id=-UT1850-%06D%8f1J%e1%bet%a8M%f0X&port=16703&uploaded=77824000&downloaded=0&left=0&corrupt=0&key=6B5C0AE1&numwant=200&compact=1&no_peer_id=1&ipv6=2403%3aac00%3a0%3a4001%3a%3a2%3a76ec
INFO: [ app_init ] --START--
INFO: Run Behavior\BuildLiteBehavior [ RunTime:0.000000s ]
INFO: [ app_init ] --END-- [ RunTime:0.000000s ]
ERR: 无法加载模块:Announce

[ 2016-09-20T23:46:37+08:00 ] 127.0.0.1 /announce.php?passkey=f12d34d9487fce8d246162056d243b70&info_hash=%20%b1%b1%fet%ca%d5%15%9b%b4%94%ce%f7%28Dx%9f%c3%0cl&peer_id=-UT1850-%06D%8f1J%e1%bet%a8M%f0X&port=16703&uploaded=188465152&downloaded=0&left=0&corrupt=0&key=6B5C0AE1&numwant=200&compact=1&no_peer_id=1&ipv6=2403%3aac00%3a0%3a4001%3a%3a2%3a76ec
INFO: [ app_init ] --START--
INFO: Run Behavior\BuildLiteBehavior [ RunTime:0.000000s ]
INFO: [ app_init ] --END-- [ RunTime:0.000000s ]
ERR: 无法加载模块:Announce

[ 2016-09-20T23:46:43+08:00 ] 127.0.0.1 /announce.php?passkey=f12d34d9487fce8d246162056d243b70&info_hash=%2c%bf%14%3d~%2b%7f-%3eT%84%d7%fa%ee%f2%22%3b%b3%1a%a2&peer_id=-UT1850-%06D%8f1J%e1%bet%a8M%f0X&port=16703&uploaded=0&downloaded=0&left=0&corrupt=0&key=6B5C0AE1&numwant=200&compact=1&no_peer_id=1&ipv6=2403%3aac00%3a0%3a4001%3a%3a2%3a76ec
INFO: [ app_init ] --START--
INFO: Run Behavior\BuildLiteBehavior [ RunTime:0.000000s ]
INFO: [ app_init ] --END-- [ RunTime:0.000000s ]
ERR: 无法加载模块:Announce

[ 2016-09-20T23:46:43+08:00 ] 127.0.0.1 /announce.php?passkey=f12d34d9487fce8d246162056d243b70&info_hash=%c2u%c1%80p%af%a0_%91%98%20%3f%b6%3e%18OB%d2%08%bc&peer_id=-UT1850-%06D%8f1J%e1%bet%a8M%f0X&port=16703&uploaded=97779712&downloaded=0&left=0&corrupt=0&key=6B5C0AE1&numwant=200&compact=1&no_peer_id=1&ipv6=2403%3aac00%3a0%3a4001%3a%3a2%3a76ec
INFO: [ app_init ] --START--
INFO: Run Behavior\BuildLiteBehavior [ RunTime:0.000000s ]
INFO: [ app_init ] --END-- [ RunTime:0.001000s ]
ERR: 无法加载模块:Announce

[ 2016-09-20T23:46:43+08:00 ] 127.0.0.1 /announce.php?passkey=f12d34d9487fce8d246162056d243b70&info_hash=%b3R%cbR%3b8%2a%10%89_%27%20%f8%96T%b6%c6%89b%2c&peer_id=-UT1850-%06D%8f1J%e1%bet%a8M%f0X&port=16703&uploaded=238436352&downloaded=0&left=0&corrupt=0&key=6B5C0AE1&numwant=200&compact=1&no_peer_id=1&ipv6=2403%3aac00%3a0%3a4001%3a%3a2%3a76ec
INFO: [ app_init ] --START--
INFO: Run Behavior\BuildLiteBehavior [ RunTime:0.000000s ]
INFO: [ app_init ] --END-- [ RunTime:0.000000s ]
ERR: 无法加载模块:Announce

[ 2016-09-20T23:46:43+08:00 ] 127.0.0.1 /announce.php?passkey=f12d34d9487fce8d246162056d243b70&info_hash=83%20%c1E%0c%7d%e6m%ab%08%8bq%fd%11%80n%d2%1bl&peer_id=-UT1850-%06D%8f1J%e1%bet%a8M%f0X&port=16703&uploaded=2445066240&downloaded=0&left=0&corrupt=0&key=6B5C0AE1&numwant=200&compact=1&no_peer_id=1&ipv6=2403%3aac00%3a0%3a4001%3a%3a2%3a76ec
INFO: [ app_init ] --START--
INFO: Run Behavior\BuildLiteBehavior [ RunTime:0.000000s ]
INFO: [ app_init ] --END-- [ RunTime:0.000000s ]
ERR: 无法加载模块:Announce

[ 2016-09-20T23:47:52+08:00 ] 127.0.0.1 /announce.php?passkey=f12d34d9487fce8d246162056d243b70&info_hash=N%aa%ab%9d%bfO%c8%b2%e4%9fXI%a5p%23%f6%90%d5%de%60&peer_id=-UT1850-%06D%8f1J%e1%bet%a8M%f0X&port=16703&uploaded=0&downloaded=0&left=0&corrupt=0&key=6B5C0AE1&numwant=200&compact=1&no_peer_id=1&ipv6=2403%3aac00%3a0%3a4001%3a%3a2%3a76ec
INFO: [ app_init ] --START--
INFO: Run Behavior\BuildLiteBehavior [ RunTime:0.000000s ]
INFO: [ app_init ] --END-- [ RunTime:0.000000s ]
ERR: 无法加载模块:Announce

[ 2016-09-20T23:48:36+08:00 ] 127.0.0.1 /announce.php?passkey=f12d34d9487fce8d246162056d243b70&info_hash=%15i%a6%c8%04%3c%20j%e5~%b3t%5d%0d%ffl%ed%a5%eeg&peer_id=-UT1850-%06D%8f1J%e1%bet%a8M%f0X&port=16703&uploaded=0&downloaded=0&left=0&corrupt=0&key=6B5C0AE1&numwant=200&compact=1&no_peer_id=1&ipv6=2403%3aac00%3a0%3a4001%3a%3a2%3a76ec
INFO: [ app_init ] --START--
INFO: Run Behavior\BuildLiteBehavior [ RunTime:0.000000s ]
INFO: [ app_init ] --END-- [ RunTime:0.001000s ]
ERR: 无法加载模块:Announce

[ 2016-09-20T23:48:36+08:00 ] 127.0.0.1 /announce.php?passkey=f12d34d9487fce8d246162056d243b70&info_hash=%85%1d%8b%81ur%b3-%faD%3c%bdg4%f4i%10%ed%22%3a&peer_id=-UT1850-%06D%8f1J%e1%bet%a8M%f0X&port=16703&uploaded=442368&downloaded=0&left=0&corrupt=0&key=6B5C0AE1&numwant=200&compact=1&no_peer_id=1&ipv6=2403%3aac00%3a0%3a4001%3a%3a2%3a76ec
INFO: [ app_init ] --START--
INFO: Run Behavior\BuildLiteBehavior [ RunTime:0.000000s ]
INFO: [ app_init ] --END-- [ RunTime:0.001000s ]
ERR: 无法加载模块:Announce

[ 2016-09-20T23:48:36+08:00 ] 127.0.0.1 /announce.php?passkey=f12d34d9487fce8d246162056d243b70&info_hash=%0e%ba%ee%08%eey%a7%12%fa%0f%ea%c8%16ZuAC%ef%a5%0e&peer_id=-UT1850-%06D%8f1J%e1%bet%a8M%f0X&port=16703&uploaded=6864896&downloaded=0&left=0&corrupt=0&key=6B5C0AE1&numwant=200&compact=1&no_peer_id=1&ipv6=2403%3aac00%3a0%3a4001%3a%3a2%3a76ec
INFO: [ app_init ] --START--
INFO: Run Behavior\BuildLiteBehavior [ RunTime:0.000000s ]
INFO: [ app_init ] --END-- [ RunTime:0.001000s ]
ERR: 无法加载模块:Announce

[ 2016-09-20T23:48:39+08:00 ] 127.0.0.1 /announce.php?passkey=f12d34d9487fce8d246162056d243b70&info_hash=%e5%de%8f%b9%f2%ceCr%8f%d3%d2%b17%ba%b9%11%da%b5%f8%ad&peer_id=-UT1850-%06D%8f1J%e1%bet%a8M%f0X&port=16703&uploaded=237764608&downloaded=0&left=0&corrupt=0&key=6B5C0AE1&numwant=200&compact=1&no_peer_id=1&ipv6=2403%3aac00%3a0%3a4001%3a%3a2%3a76ec
INFO: [ app_init ] --START--
INFO: Run Behavior\BuildLiteBehavior [ RunTime:0.000000s ]
INFO: [ app_init ] --END-- [ RunTime:0.001000s ]
ERR: 无法加载模块:Announce

[ 2016-09-20T23:50:59+08:00 ] 127.0.0.1 /announce.php?passkey=f12d34d9487fce8d246162056d243b70&info_hash=%3a%91%26vF%bf%90%93%f6s%0a%16np1%a0%9a%3eJ%09&peer_id=-UT1850-%06D%8f1J%e1%bet%a8M%f0X&port=16703&uploaded=743555072&downloaded=0&left=0&corrupt=0&key=6B5C0AE1&numwant=200&compact=1&no_peer_id=1&ipv6=2403%3aac00%3a0%3a4001%3a%3a2%3a76ec
INFO: [ app_init ] --START--
INFO: Run Behavior\BuildLiteBehavior [ RunTime:0.000000s ]
INFO: [ app_init ] --END-- [ RunTime:0.000000s ]
ERR: 无法加载模块:Announce

[ 2016-09-20T23:50:59+08:00 ] 127.0.0.1 /announce.php?passkey=f12d34d9487fce8d246162056d243b70&info_hash=m%8bT%86%ad%feO%ff%b3%92%1e%17U%92%c3%0d%91%98%9e%d2&peer_id=-UT1850-%06D%8f1J%e1%bet%a8M%f0X&port=16703&uploaded=4063232&downloaded=0&left=0&corrupt=0&key=6B5C0AE1&numwant=200&compact=1&no_peer_id=1&ipv6=2403%3aac00%3a0%3a4001%3a%3a2%3a76ec
INFO: [ app_init ] --START--
INFO: Run Behavior\BuildLiteBehavior [ RunTime:0.000000s ]
INFO: [ app_init ] --END-- [ RunTime:0.000000s ]
ERR: 无法加载模块:Announce

